Build started 3/22/2012 8:59:03 PM.
     1>Project "C:\Users\Roderick\Documents\Visual Studio 2010\Projects\SpaceParrier\TrulyOutrageous\TrulyOutrageous.vcxproj" on node 2 (build target(s)).
     1>InitializeBuildStatus:
         Touching "Debug\TrulyOutrageous.unsuccessfulbuild".
       ClCompile:
         C:\Program Files (x86)\SN Systems\Common\VSI\bin\CL.exe /c /ZI /nologo /W3 /WX- /Od /Oy- /D WIN32 /D _DEBUG /D _CONSOLE /D _UNICODE /D UNICODE /Gm /EHsc /RTC1 /MDd /GS /fp:precise /Zc:wchar_t /Zc:forScope /Fo"Debug\\" /Fd"Debug\vc100.pdb" /Gd /TP /analyze- /errorReport:prompt main.cpp
         main.cpp
     1>c:\users\roderick\documents\visual studio 2010\projects\spaceparrier\trulyoutrageous\main.cpp(49): warning C4482: nonstandard extension used: enum 'sf::Joystick::Axis' used in qualified name
     1>c:\users\roderick\documents\visual studio 2010\projects\spaceparrier\trulyoutrageous\main.cpp(57): warning C4482: nonstandard extension used: enum 'sf::Joystick::Axis' used in qualified name
     1>c:\users\roderick\documents\visual studio 2010\projects\spaceparrier\trulyoutrageous\main.cpp(57): warning C4482: nonstandard extension used: enum 'sf::Joystick::Axis' used in qualified name
     1>c:\users\roderick\documents\visual studio 2010\projects\spaceparrier\trulyoutrageous\main.cpp(65): warning C4482: nonstandard extension used: enum 'sf::Joystick::Axis' used in qualified name
     1>c:\users\roderick\documents\visual studio 2010\projects\spaceparrier\trulyoutrageous\main.cpp(73): warning C4482: nonstandard extension used: enum 'sf::Joystick::Axis' used in qualified name
     1>c:\users\roderick\documents\visual studio 2010\projects\spaceparrier\trulyoutrageous\main.cpp(81): warning C4482: nonstandard extension used: enum 'sf::Joystick::Axis' used in qualified name
     1>c:\users\roderick\documents\visual studio 2010\projects\spaceparrier\trulyoutrageous\main.cpp(89): warning C4482: nonstandard extension used: enum 'sf::Joystick::Axis' used in qualified name
     1>c:\users\roderick\documents\visual studio 2010\projects\spaceparrier\trulyoutrageous\main.cpp(97): warning C4482: nonstandard extension used: enum 'sf::Joystick::Axis' used in qualified name
     1>c:\users\roderick\documents\visual studio 2010\projects\spaceparrier\trulyoutrageous\main.cpp(105): warning C4482: nonstandard extension used: enum 'sf::Joystick::Axis' used in qualified name
     1>c:\users\roderick\documents\visual studio 2010\projects\spaceparrier\trulyoutrageous\main.cpp(113): warning C4482: nonstandard extension used: enum 'sf::Joystick::Axis' used in qualified name
       ManifestResourceCompile:
         C:\Program Files (x86)\Microsoft SDKs\Windows\v7.0A\bin\rc.exe /nologo /fo"Debug\TrulyOutrageous.exe.embed.manifest.res" Debug\TrulyOutrageous_manifest.rc 
       Link:
         C:\Program Files (x86)\SN Systems\Common\VSI\bin\link.exe /ERRORREPORT:PROMPT /OUT:"C:\Users\Roderick\Documents\Visual Studio 2010\Projects\SpaceParrier\Debug\TrulyOutrageous.exe" /INCREMENTAL /NOLOGO Winmm.lib "sfml-system-d.lib" "sfml-audio-d.lib" "sfml-main-d.lib" "sfml-graphics-d.lib" "sfml-window-d.lib" kernel32.lib user32.lib gdi32.lib winspool.lib comdlg32.lib advapi32.lib shell32.lib ole32.lib oleaut32.lib uuid.lib odbc32.lib odbccp32.lib kernel32.lib user32.lib gdi32.lib winspool.lib comdlg32.lib advapi32.lib shell32.lib ole32.lib oleaut32.lib uuid.lib odbc32.lib odbccp32.lib /MANIFEST /ManifestFile:"Debug\TrulyOutrageous.exe.intermediate.manifest" /MANIFESTUAC:"level='asInvoker' uiAccess='false'" /DEBUG /PDB:"C:\Users\Roderick\Documents\Visual Studio 2010\Projects\SpaceParrier\Debug\TrulyOutrageous.pdb" /SUBSYSTEM:CONSOLE /TLBID:1 /DYNAMICBASE /NXCOMPAT /IMPLIB:"C:\Users\Roderick\Documents\Visual Studio 2010\Projects\SpaceParrier\Debug\TrulyOutrageous.lib" /MACHINE:X86 Debug\TrulyOutrageous.exe.embed.manifest.res
         Debug\Digit.obj
         Debug\Gem.obj
         Debug\GemUnit.obj
         Debug\main.obj
       Manifest:
         C:\Program Files (x86)\SN Systems\Common\VSI\bin\mt.exe /nologo /verbose /out:"Debug\TrulyOutrageous.exe.embed.manifest" /manifest Debug\TrulyOutrageous.exe.intermediate.manifest
         C:\Program Files (x86)\Microsoft SDKs\Windows\v7.0A\bin\rc.exe /nologo /fo"Debug\TrulyOutrageous.exe.embed.manifest.res" Debug\TrulyOutrageous_manifest.rc 
       LinkEmbedManifest:
         C:\Program Files (x86)\SN Systems\Common\VSI\bin\link.exe /ERRORREPORT:PROMPT /OUT:"C:\Users\Roderick\Documents\Visual Studio 2010\Projects\SpaceParrier\Debug\TrulyOutrageous.exe" /INCREMENTAL /NOLOGO Winmm.lib "sfml-system-d.lib" "sfml-audio-d.lib" "sfml-main-d.lib" "sfml-graphics-d.lib" "sfml-window-d.lib" kernel32.lib user32.lib gdi32.lib winspool.lib comdlg32.lib advapi32.lib shell32.lib ole32.lib oleaut32.lib uuid.lib odbc32.lib odbccp32.lib kernel32.lib user32.lib gdi32.lib winspool.lib comdlg32.lib advapi32.lib shell32.lib ole32.lib oleaut32.lib uuid.lib odbc32.lib odbccp32.lib /MANIFEST /ManifestFile:"Debug\TrulyOutrageous.exe.intermediate.manifest" /MANIFESTUAC:"level='asInvoker' uiAccess='false'" /DEBUG /PDB:"C:\Users\Roderick\Documents\Visual Studio 2010\Projects\SpaceParrier\Debug\TrulyOutrageous.pdb" /SUBSYSTEM:CONSOLE /TLBID:1 /DYNAMICBASE /NXCOMPAT /IMPLIB:"C:\Users\Roderick\Documents\Visual Studio 2010\Projects\SpaceParrier\Debug\TrulyOutrageous.lib" /MACHINE:X86 Debug\TrulyOutrageous.exe.embed.manifest.res
         Debug\Digit.obj
         Debug\Gem.obj
         Debug\GemUnit.obj
         Debug\main.obj
         TrulyOutrageous.vcxproj -> C:\Users\Roderick\Documents\Visual Studio 2010\Projects\SpaceParrier\Debug\TrulyOutrageous.exe
       FinalizeBuildStatus:
         Deleting file "Debug\TrulyOutrageous.unsuccessfulbuild".
         Touching "Debug\TrulyOutrageous.lastbuildstate".
     1>Done Building Project "C:\Users\Roderick\Documents\Visual Studio 2010\Projects\SpaceParrier\TrulyOutrageous\TrulyOutrageous.vcxproj" (build target(s)).

Build succeeded.

Time Elapsed 00:00:01.55
