C:\USERS\RODERICK\DOCUMENTS\VISUAL STUDIO 2010\PROJECTS\SPACEPARRIER\DEBUG\TRULYOUTRAGEOUS.EXE
C:\USERS\RODERICK\DOCUMENTS\VISUAL STUDIO 2010\PROJECTS\SPACEPARRIER\DEBUG\TRULYOUTRAGEOUS.ILK
C:\USERS\RODERICK\DOCUMENTS\VISUAL STUDIO 2010\PROJECTS\SPACEPARRIER\DEBUG\TRULYOUTRAGEOUS.PDB
C:\Users\Roderick\Documents\Visual Studio 2010\Projects\SpaceParrier\TrulyOutrageous\Debug\CL.5320.read.1.tlog
C:\Users\Roderick\Documents\Visual Studio 2010\Projects\SpaceParrier\TrulyOutrageous\Debug\CL.5320.write.1.tlog
C:\Users\Roderick\Documents\Visual Studio 2010\Projects\SpaceParrier\TrulyOutrageous\Debug\cl.command.1.tlog
C:\Users\Roderick\Documents\Visual Studio 2010\Projects\SpaceParrier\TrulyOutrageous\Debug\CL.read.1.tlog
C:\Users\Roderick\Documents\Visual Studio 2010\Projects\SpaceParrier\TrulyOutrageous\Debug\CL.write.1.tlog
C:\USERS\RODERICK\DOCUMENTS\VISUAL STUDIO 2010\PROJECTS\SPACEPARRIER\TRULYOUTRAGEOUS\DEBUG\DIGIT.OBJ
C:\USERS\RODERICK\DOCUMENTS\VISUAL STUDIO 2010\PROJECTS\SPACEPARRIER\TRULYOUTRAGEOUS\DEBUG\GEM.OBJ
C:\USERS\RODERICK\DOCUMENTS\VISUAL STUDIO 2010\PROJECTS\SPACEPARRIER\TRULYOUTRAGEOUS\DEBUG\GEMUNIT.OBJ
C:\Users\Roderick\Documents\Visual Studio 2010\Projects\SpaceParrier\TrulyOutrageous\Debug\link.5740.5884.read.1.tlog
C:\Users\Roderick\Documents\Visual Studio 2010\Projects\SpaceParrier\TrulyOutrageous\Debug\link.5740.5884.write.1.tlog
C:\Users\Roderick\Documents\Visual Studio 2010\Projects\SpaceParrier\TrulyOutrageous\Debug\link.5740.5884-cvtres.read.1.tlog
C:\Users\Roderick\Documents\Visual Studio 2010\Projects\SpaceParrier\TrulyOutrageous\Debug\link.5740.5884-cvtres.write.1.tlog
C:\Users\Roderick\Documents\Visual Studio 2010\Projects\SpaceParrier\TrulyOutrageous\Debug\link.5740.read.1.tlog
C:\Users\Roderick\Documents\Visual Studio 2010\Projects\SpaceParrier\TrulyOutrageous\Debug\link.5740.write.1.tlog
C:\Users\Roderick\Documents\Visual Studio 2010\Projects\SpaceParrier\TrulyOutrageous\Debug\link.5740-cvtres.read.1.tlog
C:\Users\Roderick\Documents\Visual Studio 2010\Projects\SpaceParrier\TrulyOutrageous\Debug\link.5740-cvtres.write.1.tlog
C:\Users\Roderick\Documents\Visual Studio 2010\Projects\SpaceParrier\TrulyOutrageous\Debug\link.6552.read.1.tlog
C:\Users\Roderick\Documents\Visual Studio 2010\Projects\SpaceParrier\TrulyOutrageous\Debug\link.6552.write.1.tlog
C:\Users\Roderick\Documents\Visual Studio 2010\Projects\SpaceParrier\TrulyOutrageous\Debug\link.6552-cvtres.read.1.tlog
C:\Users\Roderick\Documents\Visual Studio 2010\Projects\SpaceParrier\TrulyOutrageous\Debug\link.6552-cvtres.write.1.tlog
C:\Users\Roderick\Documents\Visual Studio 2010\Projects\SpaceParrier\TrulyOutrageous\Debug\link.command.1.tlog
C:\Users\Roderick\Documents\Visual Studio 2010\Projects\SpaceParrier\TrulyOutrageous\Debug\link.read.1.tlog
C:\Users\Roderick\Documents\Visual Studio 2010\Projects\SpaceParrier\TrulyOutrageous\Debug\link.write.1.tlog
C:\USERS\RODERICK\DOCUMENTS\VISUAL STUDIO 2010\PROJECTS\SPACEPARRIER\TRULYOUTRAGEOUS\DEBUG\MAIN.OBJ
C:\Users\Roderick\Documents\Visual Studio 2010\Projects\SpaceParrier\TrulyOutrageous\Debug\mt.6692.read.1.tlog
C:\Users\Roderick\Documents\Visual Studio 2010\Projects\SpaceParrier\TrulyOutrageous\Debug\mt.6692.write.1.tlog
C:\Users\Roderick\Documents\Visual Studio 2010\Projects\SpaceParrier\TrulyOutrageous\Debug\mt.command.1.tlog
C:\Users\Roderick\Documents\Visual Studio 2010\Projects\SpaceParrier\TrulyOutrageous\Debug\mt.read.1.tlog
C:\Users\Roderick\Documents\Visual Studio 2010\Projects\SpaceParrier\TrulyOutrageous\Debug\mt.write.1.tlog
C:\Users\Roderick\Documents\Visual Studio 2010\Projects\SpaceParrier\TrulyOutrageous\Debug\rc.command.1.tlog
C:\Users\Roderick\Documents\Visual Studio 2010\Projects\SpaceParrier\TrulyOutrageous\Debug\rc.read.1.tlog
C:\Users\Roderick\Documents\Visual Studio 2010\Projects\SpaceParrier\TrulyOutrageous\Debug\rc.write.1.tlog
C:\USERS\RODERICK\DOCUMENTS\VISUAL STUDIO 2010\PROJECTS\SPACEPARRIER\TRULYOUTRAGEOUS\DEBUG\TRULYOUTRAGEOUS.EXE.EMBED.MANIFEST
C:\USERS\RODERICK\DOCUMENTS\VISUAL STUDIO 2010\PROJECTS\SPACEPARRIER\TRULYOUTRAGEOUS\DEBUG\TRULYOUTRAGEOUS.EXE.EMBED.MANIFEST.RES
C:\USERS\RODERICK\DOCUMENTS\VISUAL STUDIO 2010\PROJECTS\SPACEPARRIER\TRULYOUTRAGEOUS\DEBUG\TRULYOUTRAGEOUS.EXE.INTERMEDIATE.MANIFEST
C:\Users\Roderick\Documents\Visual Studio 2010\Projects\SpaceParrier\TrulyOutrageous\Debug\TrulyOutrageous_manifest.rc
C:\Users\Roderick\Documents\Visual Studio 2010\Projects\SpaceParrier\TrulyOutrageous\Debug\vc100.idb
C:\USERS\RODERICK\DOCUMENTS\VISUAL STUDIO 2010\PROJECTS\SPACEPARRIER\TRULYOUTRAGEOUS\DEBUG\VC100.PDB
